* [31m68fbb5a[m -[33m (HEAD -> master, origin/master, origin/HEAD)[m fix(auto): disable resolve in auto.setup. [32m(2 hours ago) [1;34m<Kie-Chi>[m
* [31m83019e8[m -[33m[m fix(zone): fix zone gen and sub. [32m(20 hours ago) [1;34m<Kie-Chi>[m
* [31m09841aa[m -[33m[m feat(substitute): support any level.part.any. [32m(24 hours ago) [1;34m<Kie-Chi>[m
* [31m0225fa5[m -[33m[m fix(bind): support bind9:9.20.x. [32m(12 days ago) [1;34m<Kie-Chi>[m
* [31m78ea104[m -[33m[m fix(behavior): remove tk from behaviors. [32m(13 days ago) [1;34m<Kie-Chi>[m
* [31mef48963[m -[33m[m fix(deps): add numpy. [32m(2 weeks ago) [1;34m<Kie-Chi>[m
* [31m95a4ed6[m -[33m[m fix(zone): reuse prefix.*-servers.net. [32m(2 weeks ago) [1;34m<Kie-Chi>[m
* [31mdc67190[m -[33m[m fix(zone): add unique prefix to *-servers.net. [32m(2 weeks ago) [1;34m<Kie-Chi>[m
* [31me2e5d32[m -[33m[m fix(fs): fix fallback unique in different thread; fix copy/copytree without fallback. [32m(3 weeks ago) [1;34m<Kie-Chi>[m
* [31m3f1f2e1[m -[33m[m feat(knot): support knot-resovler both <= 5.x & >= 6.x. [32m(4 weeks ago) [1;34m<Kie-Chi>[m
* [31m98ee30e[m -[33m[m feat(pdns): first support pdns recursor. [32m(4 weeks ago) [1;34m<Kie-Chi>[m
* [31ma53e7c6[m -[33m[m fix(builder): detect image type before we resolve the build conf [32m(6 weeks ago) [1;34m<Kie-Chi>[m
* [31m3e003f4[m -[33m[m feat(package): support package manager, help manage deffirent pack install in different os, different software. [32m(6 weeks ago) [1;34m<Kie-Chi>[m
* [31m50d0d6c[m -[33m[m fix(fs): fix concurrent checkout in GitFileSystem, block it! [32m(6 weeks ago) [1;34m<Kie-Chi>[m
* [31me4c73d5[m -[33m[m fix(fs): fix signal SignalPathNotFound when GenericFileSystem is normal, like DiskFileSystem. [32m(6 weeks ago) [1;34m<Kie-Chi>[m
* [31mda331fc[m -[33m[m feat(mirror): add 'auto' for chsrc for change source, url used no more. [32m(6 weeks ago) [1;34m<Kie-Chi>[m
* [31mb5fa00f[m -[33m[m fix(Signal): we should not signal when fallback is False, and we should catch signal return value signal own. [32m(7 weeks ago) [1;34m<Kie-Chi>[m
* [31m0e42686[m -[33m[m fix(cache): glob and rglob should signal too for do not throw exceptions. [32m(7 weeks ago) [1;34m<Kie-Chi>[m
* [31m2cdbd46[m -[33m[m fix(cache): solve unexpected error can not read from disk when use memory build. [32m(7 weeks ago) [1;34m<Kie-Chi>[m
* [31mfaa2170[m -[33m[m feat(ReadOnly): add read_only, used when fs is a ReadOnly FileSystem. [32m(7 weeks ago) [1;34m<Kie-Chi>[m
* [31m31a53d8[m -[33m[m feat(AutoDelegate): AppFileSystem delegate method extended from FileSystem automatically, we can just update FileSystem. [32m(7 weeks ago) [1;34m<Kie-Chi>[m
* [31mc09775d[m -[33m[m feat(auto): add `fs`/`workdir` variable, we can visit FileSystem when auto build. [32m(7 weeks ago) [1;34m<Kie-Chi>[m
* [31m0888813[m -[33m[m fix(import): use import more easy. [32m(7 weeks ago) [1;34m<Kie-Chi>[m
* [31m066dc93[m -[33m[m refactor(class): use protocol to prevent curcir import errors. [32m(7 weeks ago) [1;34m<Kie-Chi>[m
* [31m49ad80a[m -[33m[m feat(workdir): add workdir, help user build proj in workdir, default is cwd, use @config ref to dirname of config user use. [32m(7 weeks ago) [1;34m<Kie-Chi>[m
* [31m069e23d[m -[33m[m fix(mirror): fix `npm_mirror_setup` in template. [32m(7 weeks ago) [1;34m<Kie-Chi>[m
* [31m3333b1a[m -[33m[m feat(mirror): add global `mirror`, it will be applied to every image default, but can be override by `mirror` defined in `images` [32m(7 weeks ago) [1;34m<Kie-Chi>[m
* [31m8cb42ab[m -[33m[m fix(zone): use more real name `ns.root-servers.net.` for root etc. [32m(7 weeks ago) [1;34m<Kie-Chi>[m
* [31m0474b9c[m -[33m[m fix(mirror): fix unexpected host when mirror has no schemas. [32m(7 weeks ago) [1;34m<Kie-Chi>[m
* [31mbc673ce[m -[33m[m feat(levelname): add module name to log format. [32m(7 weeks ago) [1;34m<Kie-Chi>[m
* [31m18bd070[m -[33m[m feat(async srv): generate service in an async event loop. [32m(7 weeks ago) [1;34m<Kie-Chi>[m
* [31maa834eb[m -[33m[m fix(mirror): use host, instead of __path__(). [32m(7 weeks ago) [1;34m<Kie-Chi>[m
* [31m7c82fe6[m -[33m[m fix(mirror): use __path__() instead of str(). [32m(7 weeks ago) [1;34m<Kie-Chi>[m
* [31m1da158b[m -[33m[m fix(mirror): default use https proto, else use http. [32m(7 weeks ago) [1;34m<Kie-Chi>[m
* [31mcdb5569[m -[33m[m feat(mirror): add mirror to ImageModel, user can define mirror used in dockerfile. [32m(7 weeks ago) [1;34m<Kie-Chi>[m
* [31m92c515f[m -[33m[m fix(parallel): fix parallel auto phase. [32m(7 weeks ago) [1;34m<Kie-Chi>[m
*   [31mbcd8f6c[m -[33m[m Merge branch 'master' of github.com:Kie-Chi/DNS-BUILDER [32m(9 weeks ago) [1;34m<Kie-Chi>[m
[32m|[m[33m\[m  
[32m|[m * [31md5b3d22[m -[33m[m fix(includer): fix use .conf instead of conf in suffixes. [32m(9 weeks ago) [1;34m<Kie-Chi>[m
* [33m|[m [31m39426dd[m -[33m[m refactor(modify): change modify phase ahead of generate_services. [32m(9 weeks ago) [1;34m<Kie-Chi>[m
[33m|[m[33m/[m  
* [31m5a0b2dd[m -[33m[m fix(includer): fix use suffixes instead of split to decide block name. [32m(9 weeks ago) [1;34m<Kie-Chi>[m
* [31mb5044af[m -[33m[m fix(suffix): fix use suffixes not suffix when write to `files`. [32m(9 weeks ago) [1;34m<Kie-Chi>[m
* [31md7b6dfb[m -[33m[m feat(block-modify): add block control config in dnsb, change the main config by top-module. [32m(9 weeks ago) [1;34m<Kie-Chi>[m
* [31m91a47e0[m -[33m[m fix(ServiceHandler): auto-included::find need str, not a DNSBPath. [32m(9 weeks ago) [1;34m<Kie-Chi>[m
* [31m78df32e[m -[33m[m feat(extra_conf): add extra config context use extra_conf, it'll be auto-included in main conf. [32m(9 weeks ago) [1;34m<Kie-Chi>[m
*   [31m5853f78[m -[33m[m Merge branch 'master' of github.com:Kie-Chi/DNS-BUILDER [32m(9 weeks ago) [1;34m<Kie-Chi>[m
[34m|[m[35m\[m  
[34m|[m * [31m7be132b[m -[33m[m fix(templates): modify bind & unbound templates [32m(9 weeks ago) [1;34m<Kie-Chi>[m
[34m|[m *   [31m72b736e[m -[33m[m Merge branch 'master' of https://github.com/Kie-Chi/DNS-BUILDER [32m(9 weeks ago) [1;34m<Kie-Chi>[m
[34m|[m [36m|[m[1;31m\[m  
[34m|[m * [1;31m|[m [31me6e7cab[m -[33m[m fix(template): modify USER in bind from named to root. [32m(9 weeks ago) [1;34m<Kie-Chi>[m
* [1;31m|[m [1;31m|[m [31md86f5b2[m -[33m[m feat(python): support more version in python 3.13 & 3.14. [32m(9 weeks ago) [1;34m<Kie-Chi>[m
[1;31m|[m [1;31m|[m[1;31m/[m  
[1;31m|[m[1;31m/[m[1;31m|[m   
* [1;31m|[m [31m998934a[m -[33m[m fix(GitFileSystem): fix non-pull behavior when ref is default @HEAD. [32m(9 weeks ago) [1;34m<Kie-Chi>[m
* [1;31m|[m [31m4075693[m -[33m[m fix(executor): fix override config in auto modify phase. [32m(9 weeks ago) [1;34m<Kie-Chi>[m
[1;31m|[m[1;31m/[m  
* [31me0fd20a[m -[33m[m feat(auto): setup & modify changed to Union[str, List[Union[str, Dict[str, Any]]]], support append setup/modify scripts based on parent config. [32m(9 weeks ago) [1;34m<Kie-Chi>[m
* [31m6aadee0[m -[33m[m feat(auto): support automatic generate environment from python-script. <1> setup: used only set up a basic services or so, only valid if a config is nearly empty. <2> modify: used everywhere, help modify resolved configs. <3> restrict: help check if config is valid for user. [32m(10 weeks ago) [1;34m<Kie-Chi>[m
* [31med6a9fb[m -[33m[m feat(io): FileSystem supports method `open` return a typing.IO. [32m(10 weeks ago) [1;34m<Kie-Chi>[m
* [31mddd78da[m -[33m[m fix(deps): redefine pyproject dependencies. [32m(10 weeks ago) [1;34m<Kie-Chi>[m
* [31me182029[m -[33m[m fix(resources): resolve unexpected dispatch resource [32m(10 weeks ago) [1;34m<Kie-Chi>[m
* [31ma792f2d[m -[33m[m feat(ServiceTracer): add tracer to service, to trace decisions & stages in Service Build. [32m(10 weeks ago) [1;34m<Kie-Chi>[m
* [31m9b36dfa[m -[33m[m feat(ExternalImage): add software-parsing to ExternalImage. [32m(2 months ago) [1;34m<Kie-Chi>[m
* [31m381fbf4[m -[33m[m refactor(ExternalImage): rename LocalImage -> SelfDefinedImage, RemoteImage -> DockerImage [32m(2 months ago) [1;34m<Kie-Chi>[m
* [31m79061c5[m -[33m[m feat(reflect): includer use reflect. [32m(2 months ago) [1;34m<Kie-Chi>[m
* [31ma7f36b2[m -[33m[m feat(registry): use reflect auto discover supported images and behaviors [32m(2 months ago) [1;34m<Kie-Chi>[m
* [31md8174bd[m -[33m[m feat(cache): support build a project incrementally, with cache recorded. [32m(2 months ago) [1;34m<Kie-Chi>[m
* [31m7bb9ba2[m -[33m[m fix(fs): <1>. fix AppFileSystem use __class__._handlers. <2>. add fallback method to FileSystem. <3>. support more Cross-FileSystem copytree via specified copy2fs. <4>. use HyperMemorySystem instead of MemorySystem. [32m(2 months ago) [1;34m<Kie-Chi>[m
* [31ma8e807d[m -[33m[m refactor(uuid): replace uuid.hex with hashlib, decrease the random cases [32m(2 months ago) [1;34m<Kie-Chi>[m
* [31mbe58f37[m -[33m[m fix(preprocess): fix PathNotExist when parsing relative path in `include` but path.parent is_resource. [32m(2 months ago) [1;34m<Kie-Chi>[m
* [31m096a937[m -[33m[m feat(fs): <1> refactor GenericFileSystem, with two subclass FsspecFileSystem and MorefsFileSystem. <2> add `stat` func to FileSystem. <3> refactor MemoryFileSystem [32m(2 months ago) [1;34m<Kie-Chi>[m
* [31m5ef9d16[m -[33m[m feat(DNSBPath): implement __eq__ and __hash__ [32m(2 months ago) [1;34m<Kie-Chi>[m
* [31m0f3b82e[m -[33m[m doc(modify): <1>. add log-levels documents. <2>. add variable substitor documents [32m(3 months ago) [1;34m<Kie-Chi>[m
* [31mb0cf456[m -[33m[m feat(VariableSubstitutor): <1>. use ${varname[:default]}, return default when raising errors. <2>. add alias like addr -> ip/ svc -> services etc. [32m(3 months ago) [1;34m<Kie-Chi>[m
* [31m53de99e[m -[33m[m feat(log): add --log-levels to control module logs [32m(3 months ago) [1;34m<Kie-Chi>[m
* [31ma488d31[m -[33m[m doc(fix faq): modify the document [32m(3 months ago) [1;34m<Kie-Chi>[m
* [31m12e7898[m -[33m[m doc(fix): fix config/* in docs. <1>. add constrict infos in images/builds/top-level. <2>. review the LocalImage and RemoteImage defined in ExternalImage [32m(3 months ago) [1;34m<Kie-Chi>[m
* [31mb6d7c3b[m -[33m[m doc(add resources): <1> add resources.md. <2>. modify index.md && rule/** [32m(3 months ago) [1;34m<Kie-Chi>[m
* [31md7f1de9[m -[33m[m feat(VariableSubstitutor): <1>. support substituting variables recursively like ${...${...}...}. <2>. return none and WARNING when can not substitute a variable [32m(3 months ago) [1;34m<Kie-Chi>[m
* [31m7ba32f1[m -[33m[m doc(fix path): fix relative path used in docs [32m(3 months ago) [1;34m<Kie-Chi>[m
* [31m9ff901b[m -[33m[m doc(refactor): add more docs about config and rule [32m(3 months ago) [1;34m<Kie-Chi>[m
* [31mf04333f[m -[33m[m fix(api): apply new ImageModel for API [32m(3 months ago) [1;34m<Kie-Chi>[m
* [31m5cea31f[m -[33m[m refactor(images): unify `ImageModel` & `BuildModel`, preprocess/config/usage [32m(3 months ago) [1;34m<Kie-Chi>[m
* [31m8030f65[m -[33m[m fix(fs): create_app_fs use vfs when args.vfs set False [32m(3 months ago) [1;34m<Kie-Chi>[m
* [31medd6318[m -[33m[m fix(CI): fix `from typing import override`, `override` decorator is not suitable for every Python version [32m(3 months ago) [1;34m<Kie-Chi>[m
* [31m3ec73fe[m -[33m[m feat(CI): add deploy and build workflow to DNSB [32m(3 months ago) [1;34m<Kie-Chi>[m
* [31m6d2975d[m -[33m[m doc(init): add scripts to my docs [32m(3 months ago) [1;34m<Kie-Chi>[m
* [31mef0e3f3[m -[33m[m feat(api): <1> add four kinds of api to dnsb. <2> `project:api`: used to fetch infos from project. <3> `builds:api`: used to fetch infos from build-pipeline. <4> `resource:api`: used to fetch infos from resources. <5> `template:api`: used to fetch infos from templates [32m(3 months ago) [1;34m<Kie-Chi>[m
* [31m381c9f5[m -[33m[m feat(fs): <1> add non-abstract method to FileSystem [32m(3 months ago) [1;34m<Kie-Chi>[m
* [31m4e24cce[m -[33m[m test(none): rename test dir [32m(3 months ago) [1;34m<Kie-Chi>[m
* [31m776effc[m -[33m[m feat(trigger): <1> add trigger to `traffic`, add `/usr/local/etc/exec.sh` and `resource:/scripts/sh/recv.sh` to `ENV.ATTACKER`, then you can trigger attack in `traffic`. <2> add MAF and PAF to `traffic` stat monitor [32m(3 months ago) [1;34m<Kie-Chi>[m
* [31mabf31ed[m -[33m[m fix(path): <1> solve the duplicate name in `contents`. <2> solve the path_in_repo uncarefully replaced by repo url. [32m(3 months ago) [1;34m<Kie-Chi>[m
* [31m8f582dd[m -[33m[m update(v0.7.5) [32m(3 months ago) [1;34m<Kie-Chi>[m
* [31m3a21ade[m -[33m[m fix(software): add resource:/scripts/py/none.py, avoid `traffic` fail to generate docker-compose [32m(3 months ago) [1;34m<Kie-Chi>[m
* [31mdfc616b[m -[33m[m feat(stat): add stat capturing script to record packets and bytes every `ENV.POLL_GAP`(defaults=3000) ms [32m(3 months ago) [1;34m<Kie-Chi>[m
* [31m89bf608[m -[33m[m feat(pcap_filter): add `ENV.FILTER` to traffic, default to `udp and port 53`. customize the pcap filter using the attr. [32m(3 months ago) [1;34m<Kie-Chi>[m
* [31m23919f6[m -[33m[m feat(UnboundAnalyzer): strengthen dns_analyzer, help handle Unbound [32m(3 months ago) [1;34m<Kie-Chi>[m
* [31mcaa5dfc[m -[33m[m feat(VariableSubstitutor):return original key if value is PLACEHOLDER.REQUIRED. [32m(3 months ago) [1;34m<Kie-Chi>[m
* [31mf905970[m -[33m[m fix(resources): <1> change the WORKDIR for templates. <2> modify remote-control usage in BIND [32m(3 months ago) [1;34m<Kie-Chi>[m
* [31m5c641c9[m -[33m[m feat(resource->file): add Cross-FileSystem copytree from resource to file. [32m(3 months ago) [1;34m<Kie-Chi>[m
* [31m3865f74[m -[33m[m fix(resources): rename [32m(3 months ago) [1;34m<Kie-Chi>[m
* [31m82804e8[m -[33m[m feat(GitFileSystem): <1> DNSBPath help to resolve `fragment` and `query`. <2> support git protocol `git://<repo_url>#<path_in_repo>?<ref>`. <3> add .dnsb_cache help to cache the `repo@ref` [32m(3 months ago) [1;34m<Kie-Chi>[m
* [31mb74bae6[m -[33m[m fix(process volumes): if `volume.need_copy`, use copy if `volume.is_file` else use copytree [32m(3 months ago) [1;34m<Kie-Chi>[m
* [31m8987953[m -[33m[m feat(VariableSubstitutor): add `services.{attr.xxx}` format, get more attributions from `build_conf`. [32m(3 months ago) [1;34m<Kie-Chi>[m
* [31ma54a973[m -[33m[m fix(exceptions): fix MRO in UnkownError. [32m(3 months ago) [1;34m<Kie-Chi>[m
* [31m21d21cb[m -[33m[m fix(resource): <1> change default_utils for images. <2> add more `required` check for `traffic` docker. [32m(3 months ago) [1;34m<Kie-Chi>[m
* [31m4709ead[m -[33m[m feat(IO-Exceptions): wrap original `IOError`s to `DNSBIOError`s [32m(3 months ago) [1;34m<Kie-Chi>[m
* [31ma082365[m -[33m[m fix(map): add FileSystem to GraphGenerator [32m(3 months ago) [1;34m<Kie-Chi>[m
* [31m42cb9e5[m -[33m[m feat(files): add `files` attribution to `build`, it use `mounted_file: content` format, describing string content written directly into a mounted file. [32m(3 months ago) [1;34m<Kie-Chi>[m
* [31md6e43b3[m -[33m[m fix(io): <1> replace PureWindowsPath read in with PurePath in DNSBPath.__init__. <2> MemoryFileSystem._get_path_str should not use as_posix() but __path__() to get path without protocol and host [32m(3 months ago) [1;34m<Kie-Chi>[m
* [31m8ea3980[m -[33m[m fix(FileSystem Logging): unify the debug information for different fs implement FileSystem Interface [32m(3 months ago) [1;34m<Kie-Chi>[m
* [31m19abdf2[m -[33m[m feat(CacheViewer): add bind cache-viewer to log the change of cache in `ENV.RECURSOR` with `ENV.SOFTWARE` existing [32m(3 months ago) [1;34m<Kie-Chi>[m
* [31me956433[m -[33m[m feat(VariableSubstitute): add more template like `services.{service}.image.{attr}`, help to make writting config-file easier [32m(3 months ago) [1;34m<Kie-Chi>[m
* [31m0af2c2f[m -[33m[m test(io/path): add multiple test to DNSBPath, it can be used in NT/POSIX [32m(3 months ago) [1;34m<Kie-Chi>[m
* [31mbc48e7d[m -[33m[m fix(add pyproject): ____ [32m(3 months ago) [1;34m<Kie-Chi>[m
* [31m87a999d[m -[33m[m feat(FileSystem): <1> refactor DNSBPath to represent a `uri` or `path` only, without I/O. <2> add FileSystem, with Disk I/O, Mem I/O, Net I/O so on. <3> DNSB running on top of layer FileSystem. [32m(3 months ago) [1;34m<Kie-Chi>[m
* [31md8c2c3b[m -[33m[m feat(analyze): add std analyze docker, we will support measurement of an attack about DNS [32m(3 months ago) [1;34m<Kie-Chi>[m
* [31md7fc40f[m -[33m[m feat(dns_analyzer): add DNS Query Analyzer, help to figure out how `ENV.RECURSOR` handle a query from `ENV.ATTACKER` [32m(3 months ago) [1;34m<Kie-Chi>[m
* [31m7bdae9c[m -[33m[m refactor(merge): combine config `merge hehavior` into merge.deep_merge. [32m(3 months ago) [1;34m<Kie-Chi>[m
* [31m4a86c1a[m -[33m[m fix(InternalImage): fix base_image not init when inherit from other image [32m(3 months ago) [1;34m<Kie-Chi>[m
* [31m2a5eb2e[m -[33m[m feat(placeholder): add placeholder to support specified check for config file. <1> ${required}, a placeholder describe an attribute should be overwritten by user when passed to next config using `include` or `ref` so on. <2> ${origin}, a subfix-placeholder used in `volumes`, for not check or change anything about the path, it will replace `mounts` later, but now we still support `mounts` to avoid check in path [32m(3 months ago) [1;34m<Kie-Chi>[m
* [31m9f03fae[m -[33m[m feat(JudasDNS): support JudasImage for JudasDNS, it is specified for dns-poisoning attack using static config file based on rule-match [32m(3 months ago) [1;34m<Kie-Chi>[m
* [31m99f6bc2[m -[33m[m fix(traffic): add -U make tcpdump from block-cache to packet-cache, we can view packet in pcap real time without waiting for caching [32m(3 months ago) [1;34m<Kie-Chi>[m
* [31m2ea600e[m -[33m[m fix(behaviors): <1>. fix default ns record delegation: e.g. from example.com -> xxx.example.com to example.com -> nsxxxxx.com; <2>. fix non-FQDN in master-hehavior: e.g. support from com master example NS a.com to  com master example NS a/a.com. [32m(3 months ago) [1;34m<Kie-Chi>[m
* [31m8f51e0d[m -[33m[m refactor(templates & monitor): add more resouces [32m(3 months ago) [1;34m<kie_xchi>[m
* [31mf86b734[m -[33m[m feat(master-behavior): add master behavior to DNS service, help to auto generate zonefile and include the config file [32m(3 months ago) [1;34m<kie_xchi>[m
* [31mb2a619c[m -[33m[m refactor(exceptions): unify exception handling across all project, no function changed [32m(3 months ago) [1;34m<kie_xchi>[m
* [31m562c528[m -[33m[m [bugfix] should not allocate a ip for unbuildable service [32m(4 months ago) [1;34m<kie_xchi>[m
* [31m157118d[m -[33m[m change base [32m(4 months ago) [1;34m<kie_xchi>[m
* [31me5c4422[m -[33m[m support include [32m(4 months ago) [1;34m<kie_xchi>[m
* [31m76ddfb1[m -[33m[m restruct all [32m(4 months ago) [1;34m<kie_xchi>[m
* [31m6595fd2[m -[33m[m add tag [32m(4 months ago) [1;34m<kie_xchi>[m
* [31m82768cf[m -[33m[m support more top-level [32m(4 months ago) [1;34m<kie_xchi>[m
* [31m2f7cf76[m -[33m[m support traffic-monitor [32m(4 months ago) [1;34m<kie_xchi>[m
* [31me9c4e63[m -[33m[m add DNSBPath, Monitor [32m(4 months ago) [1;34m<kie_xchi>[m
* [31mce316bf[m -[33m[m support external image [32m(4 months ago) [1;34m<kie_xchi>[m
* [31m6064c6c[m -[33m[m add mixins and monitor [32m(4 months ago) [1;34m<kie_xchi>[m
* [31m5a8521f[m -[33m[m complete support Python [32m(4 months ago) [1;34m<kie_xchi>[m
* [31m1eb5938[m -[33m[m add template and preprocess [32m(4 months ago) [1;34m<kie_xchi>[m
* [31m62ef002[m -[33m[m add map [32m(4 months ago) [1;34m<kie_xchi>[m
* [31m62edf4e[m -[33m[m support multi-ips behavior [32m(4 months ago) [1;34m<kie_xchi>[m
* [31m8fb0293[m -[33m[m add README [32m(4 months ago) [1;34m<kie_xchi>[m
* [31m23c7fd2[m -[33m[m modify exception_catch [32m(4 months ago) [1;34m<kie_xchi>[m
* [31m1177850[m -[33m[m restruct Builder [32m(4 months ago) [1;34m<kie_xchi>[m
* [31mb79b42c[m -[33m[m add const [32m(4 months ago) [1;34m<kie_xchi>[m
* [31m7f2534e[m -[33m[m del requrirements.txt [32m(4 months ago) [1;34m<kie_xchi>[m
* [31me2a2486[m -[33m[m add test version/rule/config [32m(4 months ago) [1;34m<kie_xchi>[m
* [31m1106cb1[m -[33m[m restruct all [32m(4 months ago) [1;34m<kie_xchi>[m
* [31mb3488ae[m -[33m[m complete support Unbound [32m(4 months ago) [1;34m<kie_xchi>[m
* [31ma936465[m -[33m[m add includer [32m(4 months ago) [1;34m<kie_xchi>[m
* [31m20c7fc1[m -[33m[m complete support BIND9 [32m(4 months ago) [1;34m<kie_xchi>[m
* [31m1696063[m -[33m[m add parse behavior [32m(4 months ago) [1;34m<kie_xchi>[m
* [31m9b5ce5d[m -[33m[m add behavior [32m(4 months ago) [1;34m<kie_xchi>[m
* [31m14dce99[m -[33m[m add a demo [32m(4 months ago) [1;34m<kie_xchi>[m
* [31mbf73f23[m -[33m[m create template [32m(4 months ago) [1;34m<kie_xchi>[m
* [31m062e8a3[m -[33m[m init DNS-Builder [32m(4 months ago) [1;34m<kie_xchi>[m